# JRE version: Java(TM) SE Runtime Environment (8.0_181-b13) (build 1.8.0_181-b13)
# Java VM: Java HotSpot(TM) 64-Bit Server VM (25.181-b13 mixed mode windows-amd64 compressed oops)
Heap:
 PSYoungGen      total 140288K, used 91012K [0x00000000d5580000, 0x00000000e6780000, 0x0000000100000000)
  eden space 130048K, 69% used [0x00000000d5580000,0x00000000dae612f8,0x00000000dd480000)
  from space 10240K, 0% used [0x00000000dd480000,0x00000000dd480000,0x00000000dde80000)
  to   space 10240K, 0% used [0x00000000e5d80000,0x00000000e5d80000,0x00000000e6780000)
 ParOldGen       total 44032K, used 18328K [0x0000000080000000, 0x0000000082b00000, 0x00000000d5580000)
  object space 44032K, 41% used [0x0000000080000000,0x00000000811e62d0,0x0000000082b00000)
 Metaspace       used 28654K, capacity 29480K, committed 29568K, reserved 1075200K
  class space    used 3461K, capacity 3690K, committed 3712K, reserved 1048576K
GC Heap History (10 events):
Event: 8.442 GC heap before
{Heap before GC invocations=4 (full 0):
 PSYoungGen      total 35328K, used 34576K [0x00000000d5580000, 0x00000000d9a80000, 0x0000000100000000)
  eden space 32768K, 97% used [0x00000000d5580000,0x00000000d74c86d8,0x00000000d7580000)
  from space 2560K, 99% used [0x00000000d7580000,0x00000000d77fbca0,0x00000000d7800000)
  to   space 2560K, 0% used [0x00000000d9800000,0x00000000d9800000,0x00000000d9a80000)
 ParOldGen       total 44032K, used 3873K [0x0000000080000000, 0x0000000082b00000, 0x00000000d5580000)
  object space 44032K, 8% used [0x0000000080000000,0x00000000803c84a8,0x0000000082b00000)
 Metaspace       used 11378K, capacity 11478K, committed 11776K, reserved 1060864K
  class space    used 1253K, capacity 1268K, committed 1280K, reserved 1048576K
Event: 8.477 GC heap after
Heap after GC invocations=4 (full 0):
 PSYoungGen      total 68096K, used 2540K [0x00000000d5580000, 0x00000000d9a80000, 0x0000000100000000)
  eden space 65536K, 0% used [0x00000000d5580000,0x00000000d5580000,0x00000000d9580000)
  from space 2560K, 99% used [0x00000000d9800000,0x00000000d9a7b188,0x00000000d9a80000)
  to   space 2560K, 0% used [0x00000000d9580000,0x00000000d9580000,0x00000000d9800000)
 ParOldGen       total 44032K, used 6638K [0x0000000080000000, 0x0000000082b00000, 0x00000000d5580000)
  object space 44032K, 15% used [0x0000000080000000,0x000000008067bbd0,0x0000000082b00000)
 Metaspace       used 11378K, capacity 11478K, committed 11776K, reserved 1060864K
  class space    used 1253K, capacity 1268K, committed 1280K, reserved 1048576K
}
Event: 15.921 GC heap before
{Heap before GC invocations=5 (full 0):
 PSYoungGen      total 68096K, used 68076K [0x00000000d5580000, 0x00000000d9a80000, 0x0000000100000000)
  eden space 65536K, 100% used [0x00000000d5580000,0x00000000d9580000,0x00000000d9580000)
  from space 2560K, 99% used [0x00000000d9800000,0x00000000d9a7b188,0x00000000d9a80000)
  to   space 2560K, 0% used [0x00000000d9580000,0x00000000d9580000,0x00000000d9800000)
 ParOldGen       total 44032K, used 6638K [0x0000000080000000, 0x0000000082b00000, 0x00000000d5580000)
  object space 44032K, 15% used [0x0000000080000000,0x000000008067bbd0,0x0000000082b00000)
 Metaspace       used 19449K, capacity 19684K, committed 19968K, reserved 1067008K
  class space    used 2190K, capacity 2283K, committed 2304K, reserved 1048576K
Event: 15.962 GC heap after
Heap after GC invocations=5 (full 0):
 PSYoungGen      total 68096K, used 2533K [0x00000000d5580000, 0x00000000de780000, 0x0000000100000000)
  eden space 65536K, 0% used [0x00000000d5580000,0x00000000d5580000,0x00000000d9580000)
  from space 2560K, 98% used [0x00000000d9580000,0x00000000d97f96a8,0x00000000d9800000)
  to   space 9216K, 0% used [0x00000000dde80000,0x00000000dde80000,0x00000000de780000)
 ParOldGen       total 44032K, used 13092K [0x0000000080000000, 0x0000000082b00000, 0x00000000d5580000)
  object space 44032K, 29% used [0x0000000080000000,0x0000000080cc91d8,0x0000000082b00000)
 Metaspace       used 19449K, capacity 19684K, committed 19968K, reserved 1067008K
  class space    used 2190K, capacity 2283K, committed 2304K, reserved 1048576K
}
Event: 18.818 GC heap before
{Heap before GC invocations=6 (full 0):
 PSYoungGen      total 68096K, used 68069K [0x00000000d5580000, 0x00000000de780000, 0x0000000100000000)
  eden space 65536K, 100% used [0x00000000d5580000,0x00000000d9580000,0x00000000d9580000)
  from space 2560K, 98% used [0x00000000d9580000,0x00000000d97f96a8,0x00000000d9800000)
  to   space 9216K, 0% used [0x00000000dde80000,0x00000000dde80000,0x00000000de780000)
 ParOldGen       total 44032K, used 13092K [0x0000000080000000, 0x0000000082b00000, 0x00000000d5580000)
  object space 44032K, 29% used [0x0000000080000000,0x0000000080cc91d8,0x0000000082b00000)
 Metaspace       used 20831K, capacity 21088K, committed 21296K, reserved 1069056K
  class space    used 2318K, capacity 2406K, committed 2432K, reserved 1048576K
Event: 18.846 GC heap after
Heap after GC invocations=6 (full 0):
 PSYoungGen      total 139264K, used 8077K [0x00000000d5580000, 0x00000000de980000, 0x0000000100000000)
  eden space 130048K, 0% used [0x00000000d5580000,0x00000000d5580000,0x00000000dd480000)
  from space 9216K, 87% used [0x00000000dde80000,0x00000000de663708,0x00000000de780000)
  to   space 10240K, 0% used [0x00000000dd480000,0x00000000dd480000,0x00000000dde80000)
 ParOldGen       total 44032K, used 13100K [0x0000000080000000, 0x0000000082b00000, 0x00000000d5580000)
  object space 44032K, 29% used [0x0000000080000000,0x0000000080ccb1d8,0x0000000082b00000)
 Metaspace       used 20831K, capacity 21088K, committed 21296K, reserved 1069056K
  class space    used 2318K, capacity 2406K, committed 2432K, reserved 1048576K
}
Event: 19.067 GC heap before
{Heap before GC invocations=7 (full 0):
 PSYoungGen      total 139264K, used 15879K [0x00000000d5580000, 0x00000000de980000, 0x0000000100000000)
  eden space 130048K, 5% used [0x00000000d5580000,0x00000000d5d1e8d8,0x00000000dd480000)
  from space 9216K, 87% used [0x00000000dde80000,0x00000000de663708,0x00000000de780000)
  to   space 10240K, 0% used [0x00000000dd480000,0x00000000dd480000,0x00000000dde80000)
 ParOldGen       total 44032K, used 13100K [0x0000000080000000, 0x0000000082b00000, 0x00000000d5580000)
  object space 44032K, 29% used [0x0000000080000000,0x0000000080ccb1d8,0x0000000082b00000)
 Metaspace       used 20989K, capacity 21188K, committed 21296K, reserved 1069056K
  class space    used 2334K, capacity 2414K, committed 2432K, reserved 1048576K
Event: 19.101 GC heap after
Heap after GC invocations=7 (full 0):
 PSYoungGen      total 140288K, used 7232K [0x00000000d5580000, 0x00000000e6780000, 0x0000000100000000)
  eden space 130048K, 0% used [0x00000000d5580000,0x00000000d5580000,0x00000000dd480000)
  from space 10240K, 70% used [0x00000000dd480000,0x00000000ddb90020,0x00000000dde80000)
  to   space 10240K, 0% used [0x00000000e5d80000,0x00000000e5d80000,0x00000000e6780000)
 ParOldGen       total 44032K, used 14100K [0x0000000080000000, 0x0000000082b00000, 0x00000000d5580000)
  object space 44032K, 32% used [0x0000000080000000,0x0000000080dc5290,0x0000000082b00000)
 Metaspace       used 20989K, capacity 21188K, committed 21296K, reserved 1069056K
  class space    used 2334K, capacity 2414K, committed 2432K, reserved 1048576K
}
Event: 19.101 GC heap before
{Heap before GC invocations=8 (full 1):
 PSYoungGen      total 140288K, used 7232K [0x00000000d5580000, 0x00000000e6780000, 0x0000000100000000)
  eden space 130048K, 0% used [0x00000000d5580000,0x00000000d5580000,0x00000000dd480000)
  from space 10240K, 70% used [0x00000000dd480000,0x00000000ddb90020,0x00000000dde80000)
  to   space 10240K, 0% used [0x00000000e5d80000,0x00000000e5d80000,0x00000000e6780000)
 ParOldGen       total 44032K, used 14100K [0x0000000080000000, 0x0000000082b00000, 0x00000000d5580000)
  object space 44032K, 32% used [0x0000000080000000,0x0000000080dc5290,0x0000000082b00000)
 Metaspace       used 20989K, capacity 21188K, committed 21296K, reserved 1069056K
  class space    used 2334K, capacity 2414K, committed 2432K, reserved 1048576K
Event: 19.266 GC heap after
Heap after GC invocations=8 (full 1):
 PSYoungGen      total 140288K, used 0K [0x00000000d5580000, 0x00000000e6780000, 0x0000000100000000)
  eden space 130048K, 0% used [0x00000000d5580000,0x00000000d5580000,0x00000000dd480000)
  from space 10240K, 0% used [0x00000000dd480000,0x00000000dd480000,0x00000000dde80000)
  to   space 10240K, 0% used [0x00000000e5d80000,0x00000000e5d80000,0x00000000e6780000)
 ParOldGen       total 44032K, used 18328K [0x0000000080000000, 0x0000000082b00000, 0x00000000d5580000)
  object space 44032K, 41% used [0x0000000080000000,0x00000000811e62d0,0x0000000082b00000)
 Metaspace       used 20989K, capacity 21188K, committed 21296K, reserved 1069056K
  class space    used 2334K, capacity 2414K, committed 2432K, reserved 1048576K
}

